/docs                [36m (Status: 302)[0m [Size: 0][34m [--> /docs/][0m
/manager             [36m (Status: 302)[0m [Size: 0][34m [--> /manager/][0m
/examples            [36m (Status: 302)[0m [Size: 0][34m [--> /examples/][0m
/[                   [33m (Status: 400)[0m [Size: 762]
/[.txt               [33m (Status: 400)[0m [Size: 762]
/[.sh                [33m (Status: 400)[0m [Size: 762]
/[.bak               [33m (Status: 400)[0m [Size: 762]
/[.xml               [33m (Status: 400)[0m [Size: 762]
/plain].bak          [33m (Status: 400)[0m [Size: 762]
/plain].xml          [33m (Status: 400)[0m [Size: 762]
/plain]              [33m (Status: 400)[0m [Size: 762]
/plain].sh           [33m (Status: 400)[0m [Size: 762]
/plain].txt          [33m (Status: 400)[0m [Size: 762]
/].xml               [33m (Status: 400)[0m [Size: 762]
/].sh                [33m (Status: 400)[0m [Size: 762]
/].txt               [33m (Status: 400)[0m [Size: 762]
/].bak               [33m (Status: 400)[0m [Size: 762]
/]                   [33m (Status: 400)[0m [Size: 762]
/quote]              [33m (Status: 400)[0m [Size: 762]
/quote].xml          [33m (Status: 400)[0m [Size: 762]
/quote].txt          [33m (Status: 400)[0m [Size: 762]
/quote].sh           [33m (Status: 400)[0m [Size: 762]
/quote].bak          [33m (Status: 400)[0m [Size: 762]
/extension]          [33m (Status: 400)[0m [Size: 762]
/extension].sh       [33m (Status: 400)[0m [Size: 762]
/extension].bak      [33m (Status: 400)[0m [Size: 762]
/extension].txt      [33m (Status: 400)[0m [Size: 762]
/extension].xml      [33m (Status: 400)[0m [Size: 762]
/[0-9]               [33m (Status: 400)[0m [Size: 762]
/[0-9].bak           [33m (Status: 400)[0m [Size: 762]
/[0-9].sh            [33m (Status: 400)[0m [Size: 762]
/[0-9].txt           [33m (Status: 400)[0m [Size: 762]
/[0-9].xml           [33m (Status: 400)[0m [Size: 762]
